The system is: Linux - 4.19.0-xilinx-v2019.2 - aarch64
Compiling the C compiler identification source file "CMakeCCompilerId.c" succeeded.
Compiler: /usr/bin/cc 
Build flags: 
Id flags:  

The output was:
0


Compilation of the C compiler identification source "CMakeCCompilerId.c" produced "a.out"

The C compiler identification is GNU, found in "/home/root/niansong/auto_deploy/utils/build/CMakeFiles/3.12.2/CompilerIdC/a.out"

Compiling the CXX compiler identification source file "CMakeCXXCompilerId.cpp" succeeded.
Compiler: /usr/bin/c++ 
Build flags: 
Id flags:  

The output was:
0


Compilation of the CXX compiler identification source "CMakeCXXCompilerId.cpp" produced "a.out"

The CXX compiler identification is GNU, found in "/home/root/niansong/auto_deploy/utils/build/CMakeFiles/3.12.2/CompilerIdCXX/a.out"

Determining if the C compiler works passed with the following output:
Change Dir: /home/root/niansong/auto_deploy/utils/build/CMakeFiles/CMakeTmp

Run Build Command:"/usr/bin/gmake" "cmTC_bde39/fast"
/usr/bin/gmake -f CMakeFiles/cmTC_bde39.dir/build.make CMakeFiles/cmTC_bde39.dir/build
gmake[1]: Entering directory '/home/root/niansong/auto_deploy/utils/build/CMakeFiles/CMakeTmp'
Building C object CMakeFiles/cmTC_bde39.dir/testCCompiler.c.o
/usr/bin/cc    -o CMakeFiles/cmTC_bde39.dir/testCCompiler.c.o   -c /home/root/niansong/auto_deploy/utils/build/CMakeFiles/CMakeTmp/testCCompiler.c
Linking C executable cmTC_bde39
/usr/bin/cmake -E cmake_link_script CMakeFiles/cmTC_bde39.dir/link.txt --verbose=1
/usr/bin/cc      -rdynamic CMakeFiles/cmTC_bde39.dir/testCCompiler.c.o  -o cmTC_bde39 
gmake[1]: Leaving directory '/home/root/niansong/auto_deploy/utils/build/CMakeFiles/CMakeTmp'


Detecting C compiler ABI info compiled with the following output:
Change Dir: /home/root/niansong/auto_deploy/utils/build/CMakeFiles/CMakeTmp

Run Build Command:"/usr/bin/gmake" "cmTC_47623/fast"
/usr/bin/gmake -f CMakeFiles/cmTC_47623.dir/build.make CMakeFiles/cmTC_47623.dir/build
gmake[1]: Entering directory '/home/root/niansong/auto_deploy/utils/build/CMakeFiles/CMakeTmp'
Building C object CMakeFiles/cmTC_47623.dir/CMakeCCompilerABI.c.o
/usr/bin/cc    -o CMakeFiles/cmTC_47623.dir/CMakeCCompilerABI.c.o   -c /usr/share/cmake-3.12/Modules/CMakeCCompilerABI.c
Linking C executable cmTC_47623
/usr/bin/cmake -E cmake_link_script CMakeFiles/cmTC_47623.dir/link.txt --verbose=1
/usr/bin/cc     -v -rdynamic CMakeFiles/cmTC_47623.dir/CMakeCCompilerABI.c.o  -o cmTC_47623 
Using built-in specs.
COLLECT_GCC=/usr/bin/cc
COLLECT_LTO_WRAPPER=/usr/libexec/gcc/aarch64-xilinx-linux/8.2.0/lto-wrapper
Target: aarch64-xilinx-linux
Configured with: ../../../../../../work-shared/gcc-8.2.0-r0/gcc-8.2.0/configure --build=x86_64-linux --host=aarch64-xilinx-linux --target=aarch64-xilinx-linux --prefix=/usr --exec_prefix=/usr --bindir=/usr/bin --sbindir=/usr/sbin --libexecdir=/usr/libexec --datadir=/usr/share --sysconfdir=/etc --sharedstatedir=/com --localstatedir=/var --libdir=/usr/lib --includedir=/usr/include --oldincludedir=/usr/include --infodir=/usr/share/info --mandir=/usr/share/man --disable-silent-rules --disable-dependency-tracking --with-libtool-sysroot=/scratch/yey/3dpu/zcu102_2019.2/zcu102_dpu/petalinux/build/tmp/work/aarch64-xilinx-linux/gcc/8.2.0-r0/recipe-sysroot --with-gnu-ld --enable-shared --enable-languages=c,c++ --enable-threads=posix --enable-multilib --enable-default-pie --enable-c99 --enable-long-long --enable-symvers=gnu --enable-libstdcxx-pch --program-prefix=aarch64-xilinx-linux- --without-local-prefix --enable-lto --disable-libssp --enable-libitm --disable-bootstrap --disable-libmudflap --with-system-zlib --with-linker-hash-style=gnu --enable-linker-build-id --with-ppl=no --with-cloog=no --enable-checking=release --enable-cheaders=c_global --without-isl --with-sysroot=/ --with-build-sysroot=/scratch/yey/3dpu/zcu102_2019.2/zcu102_dpu/petalinux/build/tmp/work/aarch64-xilinx-linux/gcc/8.2.0-r0/recipe-sysroot --with-gxx-include-dir=/usr/include/c++/8.2.0 --without-long-double-128 libgcc_cv_powerpc_float128=no --disable-static --enable-nls --enable-initfini-array --enable-__cxa_atexit
Thread model: posix
gcc version 8.2.0 (GCC) 
COMPILER_PATH=/usr/libexec/gcc/aarch64-xilinx-linux/8.2.0/:/usr/libexec/gcc/aarch64-xilinx-linux/8.2.0/:/usr/libexec/gcc/aarch64-xilinx-linux/:/usr/lib/gcc/aarch64-xilinx-linux/8.2.0/:/usr/lib/gcc/aarch64-xilinx-linux/:/usr/lib/gcc/aarch64-xilinx-linux/8.2.0/../../../../aarch64-xilinx-linux/bin/
LIBRARY_PATH=/usr/lib/gcc/aarch64-xilinx-linux/8.2.0/:/usr/lib/gcc/aarch64-xilinx-linux/8.2.0/../../../aarch64-xilinx-linux/8.2.0/:/usr/lib/gcc/aarch64-xilinx-linux/8.2.0/../../../:/lib/:/usr/lib/aarch64-xilinx-linux/8.2.0/:/usr/lib/
COLLECT_GCC_OPTIONS='-v' '-rdynamic' '-o' 'cmTC_47623' '-mlittle-endian' '-mabi=lp64'
 /usr/libexec/gcc/aarch64-xilinx-linux/8.2.0/collect2 -plugin /usr/libexec/gcc/aarch64-xilinx-linux/8.2.0/liblto_plugin.so -plugin-opt=/usr/libexec/gcc/aarch64-xilinx-linux/8.2.0/lto-wrapper -plugin-opt=-fresolution=/tmp/ccEJJmf6.res -plugin-opt=-pass-through=-lgcc -plugin-opt=-pass-through=-lgcc_s -plugin-opt=-pass-through=-lc -plugin-opt=-pass-through=-lgcc -plugin-opt=-pass-through=-lgcc_s --sysroot=/ --build-id --eh-frame-hdr --hash-style=gnu -export-dynamic -dynamic-linker /lib/ld-linux-aarch64.so.1 -X -EL -maarch64linux -pie -o cmTC_47623 /usr/lib/gcc/aarch64-xilinx-linux/8.2.0/../../../Scrt1.o /usr/lib/gcc/aarch64-xilinx-linux/8.2.0/../../../crti.o /usr/lib/gcc/aarch64-xilinx-linux/8.2.0/../../../aarch64-xilinx-linux/8.2.0/crtbeginS.o -L/usr/lib/gcc/aarch64-xilinx-linux/8.2.0 -L/usr/lib/gcc/aarch64-xilinx-linux/8.2.0/../../../aarch64-xilinx-linux/8.2.0 -L/usr/lib/gcc/aarch64-xilinx-linux/8.2.0/../../.. -L/usr/lib/aarch64-xilinx-linux/8.2.0 CMakeFiles/cmTC_47623.dir/CMakeCCompilerABI.c.o -lgcc --as-needed -lgcc_s --no-as-needed -lc -lgcc --as-needed -lgcc_s --no-as-needed /usr/lib/gcc/aarch64-xilinx-linux/8.2.0/../../../aarch64-xilinx-linux/8.2.0/crtendS.o /usr/lib/gcc/aarch64-xilinx-linux/8.2.0/../../../crtn.o
COLLECT_GCC_OPTIONS='-v' '-rdynamic' '-o' 'cmTC_47623' '-mlittle-endian' '-mabi=lp64'
gmake[1]: Leaving directory '/home/root/niansong/auto_deploy/utils/build/CMakeFiles/CMakeTmp'


Parsed C implicit link information from above output:
  link line regex: [^( *|.*[/\])(ld|CMAKE_LINK_STARTFILE-NOTFOUND|([^/\]+-)?ld|collect2)[^/\]*( |$)]
  ignore line: [Change Dir: /home/root/niansong/auto_deploy/utils/build/CMakeFiles/CMakeTmp]
  ignore line: []
  ignore line: [Run Build Command:"/usr/bin/gmake" "cmTC_47623/fast"]
  ignore line: [/usr/bin/gmake -f CMakeFiles/cmTC_47623.dir/build.make CMakeFiles/cmTC_47623.dir/build]
  ignore line: [gmake[1]: Entering directory '/home/root/niansong/auto_deploy/utils/build/CMakeFiles/CMakeTmp']
  ignore line: [Building C object CMakeFiles/cmTC_47623.dir/CMakeCCompilerABI.c.o]
  ignore line: [/usr/bin/cc    -o CMakeFiles/cmTC_47623.dir/CMakeCCompilerABI.c.o   -c /usr/share/cmake-3.12/Modules/CMakeCCompilerABI.c]
  ignore line: [Linking C executable cmTC_47623]
  ignore line: [/usr/bin/cmake -E cmake_link_script CMakeFiles/cmTC_47623.dir/link.txt --verbose=1]
  ignore line: [/usr/bin/cc     -v -rdynamic CMakeFiles/cmTC_47623.dir/CMakeCCompilerABI.c.o  -o cmTC_47623 ]
  ignore line: [Using built-in specs.]
  ignore line: [COLLECT_GCC=/usr/bin/cc]
  ignore line: [COLLECT_LTO_WRAPPER=/usr/libexec/gcc/aarch64-xilinx-linux/8.2.0/lto-wrapper]
  ignore line: [Target: aarch64-xilinx-linux]
  ignore line: [Configured with: ../../../../../../work-shared/gcc-8.2.0-r0/gcc-8.2.0/configure --build=x86_64-linux --host=aarch64-xilinx-linux --target=aarch64-xilinx-linux --prefix=/usr --exec_prefix=/usr --bindir=/usr/bin --sbindir=/usr/sbin --libexecdir=/usr/libexec --datadir=/usr/share --sysconfdir=/etc --sharedstatedir=/com --localstatedir=/var --libdir=/usr/lib --includedir=/usr/include --oldincludedir=/usr/include --infodir=/usr/share/info --mandir=/usr/share/man --disable-silent-rules --disable-dependency-tracking --with-libtool-sysroot=/scratch/yey/3dpu/zcu102_2019.2/zcu102_dpu/petalinux/build/tmp/work/aarch64-xilinx-linux/gcc/8.2.0-r0/recipe-sysroot --with-gnu-ld --enable-shared --enable-languages=c,c++ --enable-threads=posix --enable-multilib --enable-default-pie --enable-c99 --enable-long-long --enable-symvers=gnu --enable-libstdcxx-pch --program-prefix=aarch64-xilinx-linux- --without-local-prefix --enable-lto --disable-libssp --enable-libitm --disable-bootstrap --disable-libmudflap --with-system-zlib --with-linker-hash-style=gnu --enable-linker-build-id --with-ppl=no --with-cloog=no --enable-checking=release --enable-cheaders=c_global --without-isl --with-sysroot=/ --with-build-sysroot=/scratch/yey/3dpu/zcu102_2019.2/zcu102_dpu/petalinux/build/tmp/work/aarch64-xilinx-linux/gcc/8.2.0-r0/recipe-sysroot --with-gxx-include-dir=/usr/include/c++/8.2.0 --without-long-double-128 libgcc_cv_powerpc_float128=no --disable-static --enable-nls --enable-initfini-array --enable-__cxa_atexit]
  ignore line: [Thread model: posix]
  ignore line: [gcc version 8.2.0 (GCC) ]
  ignore line: [COMPILER_PATH=/usr/libexec/gcc/aarch64-xilinx-linux/8.2.0/:/usr/libexec/gcc/aarch64-xilinx-linux/8.2.0/:/usr/libexec/gcc/aarch64-xilinx-linux/:/usr/lib/gcc/aarch64-xilinx-linux/8.2.0/:/usr/lib/gcc/aarch64-xilinx-linux/:/usr/lib/gcc/aarch64-xilinx-linux/8.2.0/../../../../aarch64-xilinx-linux/bin/]
  ignore line: [LIBRARY_PATH=/usr/lib/gcc/aarch64-xilinx-linux/8.2.0/:/usr/lib/gcc/aarch64-xilinx-linux/8.2.0/../../../aarch64-xilinx-linux/8.2.0/:/usr/lib/gcc/aarch64-xilinx-linux/8.2.0/../../../:/lib/:/usr/lib/aarch64-xilinx-linux/8.2.0/:/usr/lib/]
  ignore line: [COLLECT_GCC_OPTIONS='-v' '-rdynamic' '-o' 'cmTC_47623' '-mlittle-endian' '-mabi=lp64']
  link line: [ /usr/libexec/gcc/aarch64-xilinx-linux/8.2.0/collect2 -plugin /usr/libexec/gcc/aarch64-xilinx-linux/8.2.0/liblto_plugin.so -plugin-opt=/usr/libexec/gcc/aarch64-xilinx-linux/8.2.0/lto-wrapper -plugin-opt=-fresolution=/tmp/ccEJJmf6.res -plugin-opt=-pass-through=-lgcc -plugin-opt=-pass-through=-lgcc_s -plugin-opt=-pass-through=-lc -plugin-opt=-pass-through=-lgcc -plugin-opt=-pass-through=-lgcc_s --sysroot=/ --build-id --eh-frame-hdr --hash-style=gnu -export-dynamic -dynamic-linker /lib/ld-linux-aarch64.so.1 -X -EL -maarch64linux -pie -o cmTC_47623 /usr/lib/gcc/aarch64-xilinx-linux/8.2.0/../../../Scrt1.o /usr/lib/gcc/aarch64-xilinx-linux/8.2.0/../../../crti.o /usr/lib/gcc/aarch64-xilinx-linux/8.2.0/../../../aarch64-xilinx-linux/8.2.0/crtbeginS.o -L/usr/lib/gcc/aarch64-xilinx-linux/8.2.0 -L/usr/lib/gcc/aarch64-xilinx-linux/8.2.0/../../../aarch64-xilinx-linux/8.2.0 -L/usr/lib/gcc/aarch64-xilinx-linux/8.2.0/../../.. -L/usr/lib/aarch64-xilinx-linux/8.2.0 CMakeFiles/cmTC_47623.dir/CMakeCCompilerABI.c.o -lgcc --as-needed -lgcc_s --no-as-needed -lc -lgcc --as-needed -lgcc_s --no-as-needed /usr/lib/gcc/aarch64-xilinx-linux/8.2.0/../../../aarch64-xilinx-linux/8.2.0/crtendS.o /usr/lib/gcc/aarch64-xilinx-linux/8.2.0/../../../crtn.o]
    arg [/usr/libexec/gcc/aarch64-xilinx-linux/8.2.0/collect2] ==> ignore
    arg [-plugin] ==> ignore
    arg [/usr/libexec/gcc/aarch64-xilinx-linux/8.2.0/liblto_plugin.so] ==> ignore
    arg [-plugin-opt=/usr/libexec/gcc/aarch64-xilinx-linux/8.2.0/lto-wrapper] ==> ignore
    arg [-plugin-opt=-fresolution=/tmp/ccEJJmf6.res] ==> ignore
    arg [-plugin-opt=-pass-through=-lgcc] ==> ignore
    arg [-plugin-opt=-pass-through=-lgcc_s] ==> ignore
    arg [-plugin-opt=-pass-through=-lc] ==> ignore
    arg [-plugin-opt=-pass-through=-lgcc] ==> ignore
    arg [-plugin-opt=-pass-through=-lgcc_s] ==> ignore
    arg [--sysroot=/] ==> ignore
    arg [--build-id] ==> ignore
    arg [--eh-frame-hdr] ==> ignore
    arg [--hash-style=gnu] ==> ignore
    arg [-export-dynamic] ==> ignore
    arg [-dynamic-linker] ==> ignore
    arg [/lib/ld-linux-aarch64.so.1] ==> ignore
    arg [-X] ==> ignore
    arg [-EL] ==> ignore
    arg [-maarch64linux] ==> ignore
    arg [-pie] ==> ignore
    arg [-o] ==> ignore
    arg [cmTC_47623] ==> ignore
    arg [/usr/lib/gcc/aarch64-xilinx-linux/8.2.0/../../../Scrt1.o] ==> ignore
    arg [/usr/lib/gcc/aarch64-xilinx-linux/8.2.0/../../../crti.o] ==> ignore
    arg [/usr/lib/gcc/aarch64-xilinx-linux/8.2.0/../../../aarch64-xilinx-linux/8.2.0/crtbeginS.o] ==> ignore
    arg [-L/usr/lib/gcc/aarch64-xilinx-linux/8.2.0] ==> dir [/usr/lib/gcc/aarch64-xilinx-linux/8.2.0]
    arg [-L/usr/lib/gcc/aarch64-xilinx-linux/8.2.0/../../../aarch64-xilinx-linux/8.2.0] ==> dir [/usr/lib/gcc/aarch64-xilinx-linux/8.2.0/../../../aarch64-xilinx-linux/8.2.0]
    arg [-L/usr/lib/gcc/aarch64-xilinx-linux/8.2.0/../../..] ==> dir [/usr/lib/gcc/aarch64-xilinx-linux/8.2.0/../../..]
    arg [-L/usr/lib/aarch64-xilinx-linux/8.2.0] ==> dir [/usr/lib/aarch64-xilinx-linux/8.2.0]
    arg [CMakeFiles/cmTC_47623.dir/CMakeCCompilerABI.c.o] ==> ignore
    arg [-lgcc] ==> lib [gcc]
    arg [--as-needed] ==> ignore
    arg [-lgcc_s] ==> lib [gcc_s]
    arg [--no-as-needed] ==> ignore
    arg [-lc] ==> lib [c]
    arg [-lgcc] ==> lib [gcc]
    arg [--as-needed] ==> ignore
    arg [-lgcc_s] ==> lib [gcc_s]
    arg [--no-as-needed] ==> ignore
    arg [/usr/lib/gcc/aarch64-xilinx-linux/8.2.0/../../../aarch64-xilinx-linux/8.2.0/crtendS.o] ==> ignore
    arg [/usr/lib/gcc/aarch64-xilinx-linux/8.2.0/../../../crtn.o] ==> ignore
  collapse library dir [/usr/lib/gcc/aarch64-xilinx-linux/8.2.0] ==> [/usr/lib/gcc/aarch64-xilinx-linux/8.2.0]
  collapse library dir [/usr/lib/gcc/aarch64-xilinx-linux/8.2.0/../../../aarch64-xilinx-linux/8.2.0] ==> [/usr/lib/aarch64-xilinx-linux/8.2.0]
  collapse library dir [/usr/lib/gcc/aarch64-xilinx-linux/8.2.0/../../..] ==> [/usr/lib]
  collapse library dir [/usr/lib/aarch64-xilinx-linux/8.2.0] ==> [/usr/lib/aarch64-xilinx-linux/8.2.0]
  implicit libs: [gcc;gcc_s;c;gcc;gcc_s]
  implicit dirs: [/usr/lib/gcc/aarch64-xilinx-linux/8.2.0;/usr/lib/aarch64-xilinx-linux/8.2.0;/usr/lib]
  implicit fwks: []




Detecting C [-std=c11] compiler features compiled with the following output:
Change Dir: /home/root/niansong/auto_deploy/utils/build/CMakeFiles/CMakeTmp

Run Build Command:"/usr/bin/gmake" "cmTC_5c712/fast"
/usr/bin/gmake -f CMakeFiles/cmTC_5c712.dir/build.make CMakeFiles/cmTC_5c712.dir/build
gmake[1]: Entering directory '/home/root/niansong/auto_deploy/utils/build/CMakeFiles/CMakeTmp'
Building C object CMakeFiles/cmTC_5c712.dir/feature_tests.c.o
/usr/bin/cc   -std=c11 -o CMakeFiles/cmTC_5c712.dir/feature_tests.c.o   -c /home/root/niansong/auto_deploy/utils/build/CMakeFiles/feature_tests.c
Linking C executable cmTC_5c712
/usr/bin/cmake -E cmake_link_script CMakeFiles/cmTC_5c712.dir/link.txt --verbose=1
/usr/bin/cc      -rdynamic CMakeFiles/cmTC_5c712.dir/feature_tests.c.o  -o cmTC_5c712 
gmake[1]: Leaving directory '/home/root/niansong/auto_deploy/utils/build/CMakeFiles/CMakeTmp'


    Feature record: C_FEATURE:1c_function_prototypes
    Feature record: C_FEATURE:1c_restrict
    Feature record: C_FEATURE:1c_static_assert
    Feature record: C_FEATURE:1c_variadic_macros


Detecting C [-std=c99] compiler features compiled with the following output:
Change Dir: /home/root/niansong/auto_deploy/utils/build/CMakeFiles/CMakeTmp

Run Build Command:"/usr/bin/gmake" "cmTC_1cab9/fast"
/usr/bin/gmake -f CMakeFiles/cmTC_1cab9.dir/build.make CMakeFiles/cmTC_1cab9.dir/build
gmake[1]: Entering directory '/home/root/niansong/auto_deploy/utils/build/CMakeFiles/CMakeTmp'
Building C object CMakeFiles/cmTC_1cab9.dir/feature_tests.c.o
/usr/bin/cc   -std=c99 -o CMakeFiles/cmTC_1cab9.dir/feature_tests.c.o   -c /home/root/niansong/auto_deploy/utils/build/CMakeFiles/feature_tests.c
Linking C executable cmTC_1cab9
/usr/bin/cmake -E cmake_link_script CMakeFiles/cmTC_1cab9.dir/link.txt --verbose=1
/usr/bin/cc      -rdynamic CMakeFiles/cmTC_1cab9.dir/feature_tests.c.o  -o cmTC_1cab9 
gmake[1]: Leaving directory '/home/root/niansong/auto_deploy/utils/build/CMakeFiles/CMakeTmp'


    Feature record: C_FEATURE:1c_function_prototypes
    Feature record: C_FEATURE:1c_restrict
    Feature record: C_FEATURE:0c_static_assert
    Feature record: C_FEATURE:1c_variadic_macros


Detecting C [-std=c90] compiler features compiled with the following output:
Change Dir: /home/root/niansong/auto_deploy/utils/build/CMakeFiles/CMakeTmp

Run Build Command:"/usr/bin/gmake" "cmTC_06a57/fast"
/usr/bin/gmake -f CMakeFiles/cmTC_06a57.dir/build.make CMakeFiles/cmTC_06a57.dir/build
gmake[1]: Entering directory '/home/root/niansong/auto_deploy/utils/build/CMakeFiles/CMakeTmp'
Building C object CMakeFiles/cmTC_06a57.dir/feature_tests.c.o
/usr/bin/cc   -std=c90 -o CMakeFiles/cmTC_06a57.dir/feature_tests.c.o   -c /home/root/niansong/auto_deploy/utils/build/CMakeFiles/feature_tests.c
Linking C executable cmTC_06a57
/usr/bin/cmake -E cmake_link_script CMakeFiles/cmTC_06a57.dir/link.txt --verbose=1
/usr/bin/cc      -rdynamic CMakeFiles/cmTC_06a57.dir/feature_tests.c.o  -o cmTC_06a57 
gmake[1]: Leaving directory '/home/root/niansong/auto_deploy/utils/build/CMakeFiles/CMakeTmp'


    Feature record: C_FEATURE:1c_function_prototypes
    Feature record: C_FEATURE:0c_restrict
    Feature record: C_FEATURE:0c_static_assert
    Feature record: C_FEATURE:0c_variadic_macros
Determining if the CXX compiler works passed with the following output:
Change Dir: /home/root/niansong/auto_deploy/utils/build/CMakeFiles/CMakeTmp

Run Build Command:"/usr/bin/gmake" "cmTC_22d16/fast"
/usr/bin/gmake -f CMakeFiles/cmTC_22d16.dir/build.make CMakeFiles/cmTC_22d16.dir/build
gmake[1]: Entering directory '/home/root/niansong/auto_deploy/utils/build/CMakeFiles/CMakeTmp'
Building CXX object CMakeFiles/cmTC_22d16.dir/testCXXCompiler.cxx.o
/usr/bin/c++     -o CMakeFiles/cmTC_22d16.dir/testCXXCompiler.cxx.o -c /home/root/niansong/auto_deploy/utils/build/CMakeFiles/CMakeTmp/testCXXCompiler.cxx
Linking CXX executable cmTC_22d16
/usr/bin/cmake -E cmake_link_script CMakeFiles/cmTC_22d16.dir/link.txt --verbose=1
/usr/bin/c++       -rdynamic CMakeFiles/cmTC_22d16.dir/testCXXCompiler.cxx.o  -o cmTC_22d16 
gmake[1]: Leaving directory '/home/root/niansong/auto_deploy/utils/build/CMakeFiles/CMakeTmp'


Detecting CXX compiler ABI info compiled with the following output:
Change Dir: /home/root/niansong/auto_deploy/utils/build/CMakeFiles/CMakeTmp

Run Build Command:"/usr/bin/gmake" "cmTC_03f40/fast"
/usr/bin/gmake -f CMakeFiles/cmTC_03f40.dir/build.make CMakeFiles/cmTC_03f40.dir/build
gmake[1]: Entering directory '/home/root/niansong/auto_deploy/utils/build/CMakeFiles/CMakeTmp'
Building CXX object CMakeFiles/cmTC_03f40.dir/CMakeCXXCompilerABI.cpp.o
/usr/bin/c++     -o CMakeFiles/cmTC_03f40.dir/CMakeCXXCompilerABI.cpp.o -c /usr/share/cmake-3.12/Modules/CMakeCXXCompilerABI.cpp
Linking CXX executable cmTC_03f40
/usr/bin/cmake -E cmake_link_script CMakeFiles/cmTC_03f40.dir/link.txt --verbose=1
/usr/bin/c++      -v -rdynamic CMakeFiles/cmTC_03f40.dir/CMakeCXXCompilerABI.cpp.o  -o cmTC_03f40 
Using built-in specs.
COLLECT_GCC=/usr/bin/c++
COLLECT_LTO_WRAPPER=/usr/libexec/gcc/aarch64-xilinx-linux/8.2.0/lto-wrapper
Target: aarch64-xilinx-linux
Configured with: ../../../../../../work-shared/gcc-8.2.0-r0/gcc-8.2.0/configure --build=x86_64-linux --host=aarch64-xilinx-linux --target=aarch64-xilinx-linux --prefix=/usr --exec_prefix=/usr --bindir=/usr/bin --sbindir=/usr/sbin --libexecdir=/usr/libexec --datadir=/usr/share --sysconfdir=/etc --sharedstatedir=/com --localstatedir=/var --libdir=/usr/lib --includedir=/usr/include --oldincludedir=/usr/include --infodir=/usr/share/info --mandir=/usr/share/man --disable-silent-rules --disable-dependency-tracking --with-libtool-sysroot=/scratch/yey/3dpu/zcu102_2019.2/zcu102_dpu/petalinux/build/tmp/work/aarch64-xilinx-linux/gcc/8.2.0-r0/recipe-sysroot --with-gnu-ld --enable-shared --enable-languages=c,c++ --enable-threads=posix --enable-multilib --enable-default-pie --enable-c99 --enable-long-long --enable-symvers=gnu --enable-libstdcxx-pch --program-prefix=aarch64-xilinx-linux- --without-local-prefix --enable-lto --disable-libssp --enable-libitm --disable-bootstrap --disable-libmudflap --with-system-zlib --with-linker-hash-style=gnu --enable-linker-build-id --with-ppl=no --with-cloog=no --enable-checking=release --enable-cheaders=c_global --without-isl --with-sysroot=/ --with-build-sysroot=/scratch/yey/3dpu/zcu102_2019.2/zcu102_dpu/petalinux/build/tmp/work/aarch64-xilinx-linux/gcc/8.2.0-r0/recipe-sysroot --with-gxx-include-dir=/usr/include/c++/8.2.0 --without-long-double-128 libgcc_cv_powerpc_float128=no --disable-static --enable-nls --enable-initfini-array --enable-__cxa_atexit
Thread model: posix
gcc version 8.2.0 (GCC) 
COMPILER_PATH=/usr/libexec/gcc/aarch64-xilinx-linux/8.2.0/:/usr/libexec/gcc/aarch64-xilinx-linux/8.2.0/:/usr/libexec/gcc/aarch64-xilinx-linux/:/usr/lib/gcc/aarch64-xilinx-linux/8.2.0/:/usr/lib/gcc/aarch64-xilinx-linux/:/usr/lib/gcc/aarch64-xilinx-linux/8.2.0/../../../../aarch64-xilinx-linux/bin/
LIBRARY_PATH=/usr/lib/gcc/aarch64-xilinx-linux/8.2.0/:/usr/lib/gcc/aarch64-xilinx-linux/8.2.0/../../../aarch64-xilinx-linux/8.2.0/:/usr/lib/gcc/aarch64-xilinx-linux/8.2.0/../../../:/lib/:/usr/lib/aarch64-xilinx-linux/8.2.0/:/usr/lib/
COLLECT_GCC_OPTIONS='-v' '-rdynamic' '-o' 'cmTC_03f40' '-shared-libgcc' '-mlittle-endian' '-mabi=lp64'
 /usr/libexec/gcc/aarch64-xilinx-linux/8.2.0/collect2 -plugin /usr/libexec/gcc/aarch64-xilinx-linux/8.2.0/liblto_plugin.so -plugin-opt=/usr/libexec/gcc/aarch64-xilinx-linux/8.2.0/lto-wrapper -plugin-opt=-fresolution=/tmp/cc7AXWHI.res -plugin-opt=-pass-through=-lgcc_s -plugin-opt=-pass-through=-lgcc -plugin-opt=-pass-through=-lc -plugin-opt=-pass-through=-lgcc_s -plugin-opt=-pass-through=-lgcc --sysroot=/ --build-id --eh-frame-hdr --hash-style=gnu -export-dynamic -dynamic-linker /lib/ld-linux-aarch64.so.1 -X -EL -maarch64linux -pie -o cmTC_03f40 /usr/lib/gcc/aarch64-xilinx-linux/8.2.0/../../../Scrt1.o /usr/lib/gcc/aarch64-xilinx-linux/8.2.0/../../../crti.o /usr/lib/gcc/aarch64-xilinx-linux/8.2.0/../../../aarch64-xilinx-linux/8.2.0/crtbeginS.o -L/usr/lib/gcc/aarch64-xilinx-linux/8.2.0 -L/usr/lib/gcc/aarch64-xilinx-linux/8.2.0/../../../aarch64-xilinx-linux/8.2.0 -L/usr/lib/gcc/aarch64-xilinx-linux/8.2.0/../../.. -L/usr/lib/aarch64-xilinx-linux/8.2.0 CMakeFiles/cmTC_03f40.dir/CMakeCXXCompilerABI.cpp.o -lstdc++ -lm -lgcc_s -lgcc -lc -lgcc_s -lgcc /usr/lib/gcc/aarch64-xilinx-linux/8.2.0/../../../aarch64-xilinx-linux/8.2.0/crtendS.o /usr/lib/gcc/aarch64-xilinx-linux/8.2.0/../../../crtn.o
COLLECT_GCC_OPTIONS='-v' '-rdynamic' '-o' 'cmTC_03f40' '-shared-libgcc' '-mlittle-endian' '-mabi=lp64'
gmake[1]: Leaving directory '/home/root/niansong/auto_deploy/utils/build/CMakeFiles/CMakeTmp'


Parsed CXX implicit link information from above output:
  link line regex: [^( *|.*[/\])(ld|CMAKE_LINK_STARTFILE-NOTFOUND|([^/\]+-)?ld|collect2)[^/\]*( |$)]
  ignore line: [Change Dir: /home/root/niansong/auto_deploy/utils/build/CMakeFiles/CMakeTmp]
  ignore line: []
  ignore line: [Run Build Command:"/usr/bin/gmake" "cmTC_03f40/fast"]
  ignore line: [/usr/bin/gmake -f CMakeFiles/cmTC_03f40.dir/build.make CMakeFiles/cmTC_03f40.dir/build]
  ignore line: [gmake[1]: Entering directory '/home/root/niansong/auto_deploy/utils/build/CMakeFiles/CMakeTmp']
  ignore line: [Building CXX object CMakeFiles/cmTC_03f40.dir/CMakeCXXCompilerABI.cpp.o]
  ignore line: [/usr/bin/c++     -o CMakeFiles/cmTC_03f40.dir/CMakeCXXCompilerABI.cpp.o -c /usr/share/cmake-3.12/Modules/CMakeCXXCompilerABI.cpp]
  ignore line: [Linking CXX executable cmTC_03f40]
  ignore line: [/usr/bin/cmake -E cmake_link_script CMakeFiles/cmTC_03f40.dir/link.txt --verbose=1]
  ignore line: [/usr/bin/c++      -v -rdynamic CMakeFiles/cmTC_03f40.dir/CMakeCXXCompilerABI.cpp.o  -o cmTC_03f40 ]
  ignore line: [Using built-in specs.]
  ignore line: [COLLECT_GCC=/usr/bin/c++]
  ignore line: [COLLECT_LTO_WRAPPER=/usr/libexec/gcc/aarch64-xilinx-linux/8.2.0/lto-wrapper]
  ignore line: [Target: aarch64-xilinx-linux]
  ignore line: [Configured with: ../../../../../../work-shared/gcc-8.2.0-r0/gcc-8.2.0/configure --build=x86_64-linux --host=aarch64-xilinx-linux --target=aarch64-xilinx-linux --prefix=/usr --exec_prefix=/usr --bindir=/usr/bin --sbindir=/usr/sbin --libexecdir=/usr/libexec --datadir=/usr/share --sysconfdir=/etc --sharedstatedir=/com --localstatedir=/var --libdir=/usr/lib --includedir=/usr/include --oldincludedir=/usr/include --infodir=/usr/share/info --mandir=/usr/share/man --disable-silent-rules --disable-dependency-tracking --with-libtool-sysroot=/scratch/yey/3dpu/zcu102_2019.2/zcu102_dpu/petalinux/build/tmp/work/aarch64-xilinx-linux/gcc/8.2.0-r0/recipe-sysroot --with-gnu-ld --enable-shared --enable-languages=c,c++ --enable-threads=posix --enable-multilib --enable-default-pie --enable-c99 --enable-long-long --enable-symvers=gnu --enable-libstdcxx-pch --program-prefix=aarch64-xilinx-linux- --without-local-prefix --enable-lto --disable-libssp --enable-libitm --disable-bootstrap --disable-libmudflap --with-system-zlib --with-linker-hash-style=gnu --enable-linker-build-id --with-ppl=no --with-cloog=no --enable-checking=release --enable-cheaders=c_global --without-isl --with-sysroot=/ --with-build-sysroot=/scratch/yey/3dpu/zcu102_2019.2/zcu102_dpu/petalinux/build/tmp/work/aarch64-xilinx-linux/gcc/8.2.0-r0/recipe-sysroot --with-gxx-include-dir=/usr/include/c++/8.2.0 --without-long-double-128 libgcc_cv_powerpc_float128=no --disable-static --enable-nls --enable-initfini-array --enable-__cxa_atexit]
  ignore line: [Thread model: posix]
  ignore line: [gcc version 8.2.0 (GCC) ]
  ignore line: [COMPILER_PATH=/usr/libexec/gcc/aarch64-xilinx-linux/8.2.0/:/usr/libexec/gcc/aarch64-xilinx-linux/8.2.0/:/usr/libexec/gcc/aarch64-xilinx-linux/:/usr/lib/gcc/aarch64-xilinx-linux/8.2.0/:/usr/lib/gcc/aarch64-xilinx-linux/:/usr/lib/gcc/aarch64-xilinx-linux/8.2.0/../../../../aarch64-xilinx-linux/bin/]
  ignore line: [LIBRARY_PATH=/usr/lib/gcc/aarch64-xilinx-linux/8.2.0/:/usr/lib/gcc/aarch64-xilinx-linux/8.2.0/../../../aarch64-xilinx-linux/8.2.0/:/usr/lib/gcc/aarch64-xilinx-linux/8.2.0/../../../:/lib/:/usr/lib/aarch64-xilinx-linux/8.2.0/:/usr/lib/]
  ignore line: [COLLECT_GCC_OPTIONS='-v' '-rdynamic' '-o' 'cmTC_03f40' '-shared-libgcc' '-mlittle-endian' '-mabi=lp64']
  link line: [ /usr/libexec/gcc/aarch64-xilinx-linux/8.2.0/collect2 -plugin /usr/libexec/gcc/aarch64-xilinx-linux/8.2.0/liblto_plugin.so -plugin-opt=/usr/libexec/gcc/aarch64-xilinx-linux/8.2.0/lto-wrapper -plugin-opt=-fresolution=/tmp/cc7AXWHI.res -plugin-opt=-pass-through=-lgcc_s -plugin-opt=-pass-through=-lgcc -plugin-opt=-pass-through=-lc -plugin-opt=-pass-through=-lgcc_s -plugin-opt=-pass-through=-lgcc --sysroot=/ --build-id --eh-frame-hdr --hash-style=gnu -export-dynamic -dynamic-linker /lib/ld-linux-aarch64.so.1 -X -EL -maarch64linux -pie -o cmTC_03f40 /usr/lib/gcc/aarch64-xilinx-linux/8.2.0/../../../Scrt1.o /usr/lib/gcc/aarch64-xilinx-linux/8.2.0/../../../crti.o /usr/lib/gcc/aarch64-xilinx-linux/8.2.0/../../../aarch64-xilinx-linux/8.2.0/crtbeginS.o -L/usr/lib/gcc/aarch64-xilinx-linux/8.2.0 -L/usr/lib/gcc/aarch64-xilinx-linux/8.2.0/../../../aarch64-xilinx-linux/8.2.0 -L/usr/lib/gcc/aarch64-xilinx-linux/8.2.0/../../.. -L/usr/lib/aarch64-xilinx-linux/8.2.0 CMakeFiles/cmTC_03f40.dir/CMakeCXXCompilerABI.cpp.o -lstdc++ -lm -lgcc_s -lgcc -lc -lgcc_s -lgcc /usr/lib/gcc/aarch64-xilinx-linux/8.2.0/../../../aarch64-xilinx-linux/8.2.0/crtendS.o /usr/lib/gcc/aarch64-xilinx-linux/8.2.0/../../../crtn.o]
    arg [/usr/libexec/gcc/aarch64-xilinx-linux/8.2.0/collect2] ==> ignore
    arg [-plugin] ==> ignore
    arg [/usr/libexec/gcc/aarch64-xilinx-linux/8.2.0/liblto_plugin.so] ==> ignore
    arg [-plugin-opt=/usr/libexec/gcc/aarch64-xilinx-linux/8.2.0/lto-wrapper] ==> ignore
    arg [-plugin-opt=-fresolution=/tmp/cc7AXWHI.res] ==> ignore
    arg [-plugin-opt=-pass-through=-lgcc_s] ==> ignore
    arg [-plugin-opt=-pass-through=-lgcc] ==> ignore
    arg [-plugin-opt=-pass-through=-lc] ==> ignore
    arg [-plugin-opt=-pass-through=-lgcc_s] ==> ignore
    arg [-plugin-opt=-pass-through=-lgcc] ==> ignore
    arg [--sysroot=/] ==> ignore
    arg [--build-id] ==> ignore
    arg [--eh-frame-hdr] ==> ignore
    arg [--hash-style=gnu] ==> ignore
    arg [-export-dynamic] ==> ignore
    arg [-dynamic-linker] ==> ignore
    arg [/lib/ld-linux-aarch64.so.1] ==> ignore
    arg [-X] ==> ignore
    arg [-EL] ==> ignore
    arg [-maarch64linux] ==> ignore
    arg [-pie] ==> ignore
    arg [-o] ==> ignore
    arg [cmTC_03f40] ==> ignore
    arg [/usr/lib/gcc/aarch64-xilinx-linux/8.2.0/../../../Scrt1.o] ==> ignore
    arg [/usr/lib/gcc/aarch64-xilinx-linux/8.2.0/../../../crti.o] ==> ignore
    arg [/usr/lib/gcc/aarch64-xilinx-linux/8.2.0/../../../aarch64-xilinx-linux/8.2.0/crtbeginS.o] ==> ignore
    arg [-L/usr/lib/gcc/aarch64-xilinx-linux/8.2.0] ==> dir [/usr/lib/gcc/aarch64-xilinx-linux/8.2.0]
    arg [-L/usr/lib/gcc/aarch64-xilinx-linux/8.2.0/../../../aarch64-xilinx-linux/8.2.0] ==> dir [/usr/lib/gcc/aarch64-xilinx-linux/8.2.0/../../../aarch64-xilinx-linux/8.2.0]
    arg [-L/usr/lib/gcc/aarch64-xilinx-linux/8.2.0/../../..] ==> dir [/usr/lib/gcc/aarch64-xilinx-linux/8.2.0/../../..]
    arg [-L/usr/lib/aarch64-xilinx-linux/8.2.0] ==> dir [/usr/lib/aarch64-xilinx-linux/8.2.0]
    arg [CMakeFiles/cmTC_03f40.dir/CMakeCXXCompilerABI.cpp.o] ==> ignore
    arg [-lstdc++] ==> lib [stdc++]
    arg [-lm] ==> lib [m]
    arg [-lgcc_s] ==> lib [gcc_s]
    arg [-lgcc] ==> lib [gcc]
    arg [-lc] ==> lib [c]
    arg [-lgcc_s] ==> lib [gcc_s]
    arg [-lgcc] ==> lib [gcc]
    arg [/usr/lib/gcc/aarch64-xilinx-linux/8.2.0/../../../aarch64-xilinx-linux/8.2.0/crtendS.o] ==> ignore
    arg [/usr/lib/gcc/aarch64-xilinx-linux/8.2.0/../../../crtn.o] ==> ignore
  collapse library dir [/usr/lib/gcc/aarch64-xilinx-linux/8.2.0] ==> [/usr/lib/gcc/aarch64-xilinx-linux/8.2.0]
  collapse library dir [/usr/lib/gcc/aarch64-xilinx-linux/8.2.0/../../../aarch64-xilinx-linux/8.2.0] ==> [/usr/lib/aarch64-xilinx-linux/8.2.0]
  collapse library dir [/usr/lib/gcc/aarch64-xilinx-linux/8.2.0/../../..] ==> [/usr/lib]
  collapse library dir [/usr/lib/aarch64-xilinx-linux/8.2.0] ==> [/usr/lib/aarch64-xilinx-linux/8.2.0]
  implicit libs: [stdc++;m;gcc_s;gcc;c;gcc_s;gcc]
  implicit dirs: [/usr/lib/gcc/aarch64-xilinx-linux/8.2.0;/usr/lib/aarch64-xilinx-linux/8.2.0;/usr/lib]
  implicit fwks: []




Detecting CXX [-std=c++2a] compiler features compiled with the following output:
Change Dir: /home/root/niansong/auto_deploy/utils/build/CMakeFiles/CMakeTmp

Run Build Command:"/usr/bin/gmake" "cmTC_21c3b/fast"
/usr/bin/gmake -f CMakeFiles/cmTC_21c3b.dir/build.make CMakeFiles/cmTC_21c3b.dir/build
gmake[1]: Entering directory '/home/root/niansong/auto_deploy/utils/build/CMakeFiles/CMakeTmp'
Building CXX object CMakeFiles/cmTC_21c3b.dir/feature_tests.cxx.o
/usr/bin/c++    -std=c++2a -o CMakeFiles/cmTC_21c3b.dir/feature_tests.cxx.o -c /home/root/niansong/auto_deploy/utils/build/CMakeFiles/feature_tests.cxx
Linking CXX executable cmTC_21c3b
/usr/bin/cmake -E cmake_link_script CMakeFiles/cmTC_21c3b.dir/link.txt --verbose=1
/usr/bin/c++       -rdynamic CMakeFiles/cmTC_21c3b.dir/feature_tests.cxx.o  -o cmTC_21c3b 
gmake[1]: Leaving directory '/home/root/niansong/auto_deploy/utils/build/CMakeFiles/CMakeTmp'


    Feature record: CXX_FEATURE:1cxx_aggregate_default_initializers
    Feature record: CXX_FEATURE:1cxx_alias_templates
    Feature record: CXX_FEATURE:1cxx_alignas
    Feature record: CXX_FEATURE:1cxx_alignof
    Feature record: CXX_FEATURE:1cxx_attributes
    Feature record: CXX_FEATURE:1cxx_attribute_deprecated
    Feature record: CXX_FEATURE:1cxx_auto_type
    Feature record: CXX_FEATURE:1cxx_binary_literals
    Feature record: CXX_FEATURE:1cxx_constexpr
    Feature record: CXX_FEATURE:1cxx_contextual_conversions
    Feature record: CXX_FEATURE:1cxx_decltype
    Feature record: CXX_FEATURE:1cxx_decltype_auto
    Feature record: CXX_FEATURE:1cxx_decltype_incomplete_return_types
    Feature record: CXX_FEATURE:1cxx_default_function_template_args
    Feature record: CXX_FEATURE:1cxx_defaulted_functions
    Feature record: CXX_FEATURE:1cxx_defaulted_move_initializers
    Feature record: CXX_FEATURE:1cxx_delegating_constructors
    Feature record: CXX_FEATURE:1cxx_deleted_functions
    Feature record: CXX_FEATURE:1cxx_digit_separators
    Feature record: CXX_FEATURE:1cxx_enum_forward_declarations
    Feature record: CXX_FEATURE:1cxx_explicit_conversions
    Feature record: CXX_FEATURE:1cxx_extended_friend_declarations
    Feature record: CXX_FEATURE:1cxx_extern_templates
    Feature record: CXX_FEATURE:1cxx_final
    Feature record: CXX_FEATURE:1cxx_func_identifier
    Feature record: CXX_FEATURE:1cxx_generalized_initializers
    Feature record: CXX_FEATURE:1cxx_generic_lambdas
    Feature record: CXX_FEATURE:1cxx_inheriting_constructors
    Feature record: CXX_FEATURE:1cxx_inline_namespaces
    Feature record: CXX_FEATURE:1cxx_lambdas
    Feature record: CXX_FEATURE:1cxx_lambda_init_captures
    Feature record: CXX_FEATURE:1cxx_local_type_template_args
    Feature record: CXX_FEATURE:1cxx_long_long_type
    Feature record: CXX_FEATURE:1cxx_noexcept
    Feature record: CXX_FEATURE:1cxx_nonstatic_member_init
    Feature record: CXX_FEATURE:1cxx_nullptr
    Feature record: CXX_FEATURE:1cxx_override
    Feature record: CXX_FEATURE:1cxx_range_for
    Feature record: CXX_FEATURE:1cxx_raw_string_literals
    Feature record: CXX_FEATURE:1cxx_reference_qualified_functions
    Feature record: CXX_FEATURE:1cxx_relaxed_constexpr
    Feature record: CXX_FEATURE:1cxx_return_type_deduction
    Feature record: CXX_FEATURE:1cxx_right_angle_brackets
    Feature record: CXX_FEATURE:1cxx_rvalue_references
    Feature record: CXX_FEATURE:1cxx_sizeof_member
    Feature record: CXX_FEATURE:1cxx_static_assert
    Feature record: CXX_FEATURE:1cxx_strong_enums
    Feature record: CXX_FEATURE:1cxx_template_template_parameters
    Feature record: CXX_FEATURE:1cxx_thread_local
    Feature record: CXX_FEATURE:1cxx_trailing_return_types
    Feature record: CXX_FEATURE:1cxx_unicode_literals
    Feature record: CXX_FEATURE:1cxx_uniform_initialization
    Feature record: CXX_FEATURE:1cxx_unrestricted_unions
    Feature record: CXX_FEATURE:1cxx_user_literals
    Feature record: CXX_FEATURE:1cxx_variable_templates
    Feature record: CXX_FEATURE:1cxx_variadic_macros
    Feature record: CXX_FEATURE:1cxx_variadic_templates


Detecting CXX [-std=c++17] compiler features compiled with the following output:
Change Dir: /home/root/niansong/auto_deploy/utils/build/CMakeFiles/CMakeTmp

Run Build Command:"/usr/bin/gmake" "cmTC_74738/fast"
/usr/bin/gmake -f CMakeFiles/cmTC_74738.dir/build.make CMakeFiles/cmTC_74738.dir/build
gmake[1]: Entering directory '/home/root/niansong/auto_deploy/utils/build/CMakeFiles/CMakeTmp'
Building CXX object CMakeFiles/cmTC_74738.dir/feature_tests.cxx.o
/usr/bin/c++    -std=c++17 -o CMakeFiles/cmTC_74738.dir/feature_tests.cxx.o -c /home/root/niansong/auto_deploy/utils/build/CMakeFiles/feature_tests.cxx
Linking CXX executable cmTC_74738
/usr/bin/cmake -E cmake_link_script CMakeFiles/cmTC_74738.dir/link.txt --verbose=1
/usr/bin/c++       -rdynamic CMakeFiles/cmTC_74738.dir/feature_tests.cxx.o  -o cmTC_74738 
gmake[1]: Leaving directory '/home/root/niansong/auto_deploy/utils/build/CMakeFiles/CMakeTmp'


    Feature record: CXX_FEATURE:1cxx_aggregate_default_initializers
    Feature record: CXX_FEATURE:1cxx_alias_templates
    Feature record: CXX_FEATURE:1cxx_alignas
    Feature record: CXX_FEATURE:1cxx_alignof
    Feature record: CXX_FEATURE:1cxx_attributes
    Feature record: CXX_FEATURE:1cxx_attribute_deprecated
    Feature record: CXX_FEATURE:1cxx_auto_type
    Feature record: CXX_FEATURE:1cxx_binary_literals
    Feature record: CXX_FEATURE:1cxx_constexpr
    Feature record: CXX_FEATURE:1cxx_contextual_conversions
    Feature record: CXX_FEATURE:1cxx_decltype
    Feature record: CXX_FEATURE:1cxx_decltype_auto
    Feature record: CXX_FEATURE:1cxx_decltype_incomplete_return_types
    Feature record: CXX_FEATURE:1cxx_default_function_template_args
    Feature record: CXX_FEATURE:1cxx_defaulted_functions
    Feature record: CXX_FEATURE:1cxx_defaulted_move_initializers
    Feature record: CXX_FEATURE:1cxx_delegating_constructors
    Feature record: CXX_FEATURE:1cxx_deleted_functions
    Feature record: CXX_FEATURE:1cxx_digit_separators
    Feature record: CXX_FEATURE:1cxx_enum_forward_declarations
    Feature record: CXX_FEATURE:1cxx_explicit_conversions
    Feature record: CXX_FEATURE:1cxx_extended_friend_declarations
    Feature record: CXX_FEATURE:1cxx_extern_templates
    Feature record: CXX_FEATURE:1cxx_final
    Feature record: CXX_FEATURE:1cxx_func_identifier
    Feature record: CXX_FEATURE:1cxx_generalized_initializers
    Feature record: CXX_FEATURE:1cxx_generic_lambdas
    Feature record: CXX_FEATURE:1cxx_inheriting_constructors
    Feature record: CXX_FEATURE:1cxx_inline_namespaces
    Feature record: CXX_FEATURE:1cxx_lambdas
    Feature record: CXX_FEATURE:1cxx_lambda_init_captures
    Feature record: CXX_FEATURE:1cxx_local_type_template_args
    Feature record: CXX_FEATURE:1cxx_long_long_type
    Feature record: CXX_FEATURE:1cxx_noexcept
    Feature record: CXX_FEATURE:1cxx_nonstatic_member_init
    Feature record: CXX_FEATURE:1cxx_nullptr
    Feature record: CXX_FEATURE:1cxx_override
    Feature record: CXX_FEATURE:1cxx_range_for
    Feature record: CXX_FEATURE:1cxx_raw_string_literals
    Feature record: CXX_FEATURE:1cxx_reference_qualified_functions
    Feature record: CXX_FEATURE:1cxx_relaxed_constexpr
    Feature record: CXX_FEATURE:1cxx_return_type_deduction
    Feature record: CXX_FEATURE:1cxx_right_angle_brackets
    Feature record: CXX_FEATURE:1cxx_rvalue_references
    Feature record: CXX_FEATURE:1cxx_sizeof_member
    Feature record: CXX_FEATURE:1cxx_static_assert
    Feature record: CXX_FEATURE:1cxx_strong_enums
    Feature record: CXX_FEATURE:1cxx_template_template_parameters
    Feature record: CXX_FEATURE:1cxx_thread_local
    Feature record: CXX_FEATURE:1cxx_trailing_return_types
    Feature record: CXX_FEATURE:1cxx_unicode_literals
    Feature record: CXX_FEATURE:1cxx_uniform_initialization
    Feature record: CXX_FEATURE:1cxx_unrestricted_unions
    Feature record: CXX_FEATURE:1cxx_user_literals
    Feature record: CXX_FEATURE:1cxx_variable_templates
    Feature record: CXX_FEATURE:1cxx_variadic_macros
    Feature record: CXX_FEATURE:1cxx_variadic_templates


Detecting CXX [-std=c++14] compiler features compiled with the following output:
Change Dir: /home/root/niansong/auto_deploy/utils/build/CMakeFiles/CMakeTmp

Run Build Command:"/usr/bin/gmake" "cmTC_d1299/fast"
/usr/bin/gmake -f CMakeFiles/cmTC_d1299.dir/build.make CMakeFiles/cmTC_d1299.dir/build
gmake[1]: Entering directory '/home/root/niansong/auto_deploy/utils/build/CMakeFiles/CMakeTmp'
Building CXX object CMakeFiles/cmTC_d1299.dir/feature_tests.cxx.o
/usr/bin/c++    -std=c++14 -o CMakeFiles/cmTC_d1299.dir/feature_tests.cxx.o -c /home/root/niansong/auto_deploy/utils/build/CMakeFiles/feature_tests.cxx
Linking CXX executable cmTC_d1299
/usr/bin/cmake -E cmake_link_script CMakeFiles/cmTC_d1299.dir/link.txt --verbose=1
/usr/bin/c++       -rdynamic CMakeFiles/cmTC_d1299.dir/feature_tests.cxx.o  -o cmTC_d1299 
gmake[1]: Leaving directory '/home/root/niansong/auto_deploy/utils/build/CMakeFiles/CMakeTmp'


    Feature record: CXX_FEATURE:1cxx_aggregate_default_initializers
    Feature record: CXX_FEATURE:1cxx_alias_templates
    Feature record: CXX_FEATURE:1cxx_alignas
    Feature record: CXX_FEATURE:1cxx_alignof
    Feature record: CXX_FEATURE:1cxx_attributes
    Feature record: CXX_FEATURE:1cxx_attribute_deprecated
    Feature record: CXX_FEATURE:1cxx_auto_type
    Feature record: CXX_FEATURE:1cxx_binary_literals
    Feature record: CXX_FEATURE:1cxx_constexpr
    Feature record: CXX_FEATURE:1cxx_contextual_conversions
    Feature record: CXX_FEATURE:1cxx_decltype
    Feature record: CXX_FEATURE:1cxx_decltype_auto
    Feature record: CXX_FEATURE:1cxx_decltype_incomplete_return_types
    Feature record: CXX_FEATURE:1cxx_default_function_template_args
    Feature record: CXX_FEATURE:1cxx_defaulted_functions
    Feature record: CXX_FEATURE:1cxx_defaulted_move_initializers
    Feature record: CXX_FEATURE:1cxx_delegating_constructors
    Feature record: CXX_FEATURE:1cxx_deleted_functions
    Feature record: CXX_FEATURE:1cxx_digit_separators
    Feature record: CXX_FEATURE:1cxx_enum_forward_declarations
    Feature record: CXX_FEATURE:1cxx_explicit_conversions
    Feature record: CXX_FEATURE:1cxx_extended_friend_declarations
    Feature record: CXX_FEATURE:1cxx_extern_templates
    Feature record: CXX_FEATURE:1cxx_final
    Feature record: CXX_FEATURE:1cxx_func_identifier
    Feature record: CXX_FEATURE:1cxx_generalized_initializers
    Feature record: CXX_FEATURE:1cxx_generic_lambdas
    Feature record: CXX_FEATURE:1cxx_inheriting_constructors
    Feature record: CXX_FEATURE:1cxx_inline_namespaces
    Feature record: CXX_FEATURE:1cxx_lambdas
    Feature record: CXX_FEATURE:1cxx_lambda_init_captures
    Feature record: CXX_FEATURE:1cxx_local_type_template_args
    Feature record: CXX_FEATURE:1cxx_long_long_type
    Feature record: CXX_FEATURE:1cxx_noexcept
    Feature record: CXX_FEATURE:1cxx_nonstatic_member_init
    Feature record: CXX_FEATURE:1cxx_nullptr
    Feature record: CXX_FEATURE:1cxx_override
    Feature record: CXX_FEATURE:1cxx_range_for
    Feature record: CXX_FEATURE:1cxx_raw_string_literals
    Feature record: CXX_FEATURE:1cxx_reference_qualified_functions
    Feature record: CXX_FEATURE:1cxx_relaxed_constexpr
    Feature record: CXX_FEATURE:1cxx_return_type_deduction
    Feature record: CXX_FEATURE:1cxx_right_angle_brackets
    Feature record: CXX_FEATURE:1cxx_rvalue_references
    Feature record: CXX_FEATURE:1cxx_sizeof_member
    Feature record: CXX_FEATURE:1cxx_static_assert
    Feature record: CXX_FEATURE:1cxx_strong_enums
    Feature record: CXX_FEATURE:1cxx_template_template_parameters
    Feature record: CXX_FEATURE:1cxx_thread_local
    Feature record: CXX_FEATURE:1cxx_trailing_return_types
    Feature record: CXX_FEATURE:1cxx_unicode_literals
    Feature record: CXX_FEATURE:1cxx_uniform_initialization
    Feature record: CXX_FEATURE:1cxx_unrestricted_unions
    Feature record: CXX_FEATURE:1cxx_user_literals
    Feature record: CXX_FEATURE:1cxx_variable_templates
    Feature record: CXX_FEATURE:1cxx_variadic_macros
    Feature record: CXX_FEATURE:1cxx_variadic_templates


Detecting CXX [-std=c++11] compiler features compiled with the following output:
Change Dir: /home/root/niansong/auto_deploy/utils/build/CMakeFiles/CMakeTmp

Run Build Command:"/usr/bin/gmake" "cmTC_4c04b/fast"
/usr/bin/gmake -f CMakeFiles/cmTC_4c04b.dir/build.make CMakeFiles/cmTC_4c04b.dir/build
gmake[1]: Entering directory '/home/root/niansong/auto_deploy/utils/build/CMakeFiles/CMakeTmp'
Building CXX object CMakeFiles/cmTC_4c04b.dir/feature_tests.cxx.o
/usr/bin/c++    -std=c++11 -o CMakeFiles/cmTC_4c04b.dir/feature_tests.cxx.o -c /home/root/niansong/auto_deploy/utils/build/CMakeFiles/feature_tests.cxx
Linking CXX executable cmTC_4c04b
/usr/bin/cmake -E cmake_link_script CMakeFiles/cmTC_4c04b.dir/link.txt --verbose=1
/usr/bin/c++       -rdynamic CMakeFiles/cmTC_4c04b.dir/feature_tests.cxx.o  -o cmTC_4c04b 
gmake[1]: Leaving directory '/home/root/niansong/auto_deploy/utils/build/CMakeFiles/CMakeTmp'


    Feature record: CXX_FEATURE:0cxx_aggregate_default_initializers
    Feature record: CXX_FEATURE:1cxx_alias_templates
    Feature record: CXX_FEATURE:1cxx_alignas
    Feature record: CXX_FEATURE:1cxx_alignof
    Feature record: CXX_FEATURE:1cxx_attributes
    Feature record: CXX_FEATURE:0cxx_attribute_deprecated
    Feature record: CXX_FEATURE:1cxx_auto_type
    Feature record: CXX_FEATURE:0cxx_binary_literals
    Feature record: CXX_FEATURE:1cxx_constexpr
    Feature record: CXX_FEATURE:0cxx_contextual_conversions
    Feature record: CXX_FEATURE:1cxx_decltype
    Feature record: CXX_FEATURE:0cxx_decltype_auto
    Feature record: CXX_FEATURE:1cxx_decltype_incomplete_return_types
    Feature record: CXX_FEATURE:1cxx_default_function_template_args
    Feature record: CXX_FEATURE:1cxx_defaulted_functions
    Feature record: CXX_FEATURE:1cxx_defaulted_move_initializers
    Feature record: CXX_FEATURE:1cxx_delegating_constructors
    Feature record: CXX_FEATURE:1cxx_deleted_functions
    Feature record: CXX_FEATURE:0cxx_digit_separators
    Feature record: CXX_FEATURE:1cxx_enum_forward_declarations
    Feature record: CXX_FEATURE:1cxx_explicit_conversions
    Feature record: CXX_FEATURE:1cxx_extended_friend_declarations
    Feature record: CXX_FEATURE:1cxx_extern_templates
    Feature record: CXX_FEATURE:1cxx_final
    Feature record: CXX_FEATURE:1cxx_func_identifier
    Feature record: CXX_FEATURE:1cxx_generalized_initializers
    Feature record: CXX_FEATURE:0cxx_generic_lambdas
    Feature record: CXX_FEATURE:1cxx_inheriting_constructors
    Feature record: CXX_FEATURE:1cxx_inline_namespaces
    Feature record: CXX_FEATURE:1cxx_lambdas
    Feature record: CXX_FEATURE:0cxx_lambda_init_captures
    Feature record: CXX_FEATURE:1cxx_local_type_template_args
    Feature record: CXX_FEATURE:1cxx_long_long_type
    Feature record: CXX_FEATURE:1cxx_noexcept
    Feature record: CXX_FEATURE:1cxx_nonstatic_member_init
    Feature record: CXX_FEATURE:1cxx_nullptr
    Feature record: CXX_FEATURE:1cxx_override
    Feature record: CXX_FEATURE:1cxx_range_for
    Feature record: CXX_FEATURE:1cxx_raw_string_literals
    Feature record: CXX_FEATURE:1cxx_reference_qualified_functions
    Feature record: CXX_FEATURE:0cxx_relaxed_constexpr
    Feature record: CXX_FEATURE:0cxx_return_type_deduction
    Feature record: CXX_FEATURE:1cxx_right_angle_brackets
    Feature record: CXX_FEATURE:1cxx_rvalue_references
    Feature record: CXX_FEATURE:1cxx_sizeof_member
    Feature record: CXX_FEATURE:1cxx_static_assert
    Feature record: CXX_FEATURE:1cxx_strong_enums
    Feature record: CXX_FEATURE:1cxx_template_template_parameters
    Feature record: CXX_FEATURE:1cxx_thread_local
    Feature record: CXX_FEATURE:1cxx_trailing_return_types
    Feature record: CXX_FEATURE:1cxx_unicode_literals
    Feature record: CXX_FEATURE:1cxx_uniform_initialization
    Feature record: CXX_FEATURE:1cxx_unrestricted_unions
    Feature record: CXX_FEATURE:1cxx_user_literals
    Feature record: CXX_FEATURE:0cxx_variable_templates
    Feature record: CXX_FEATURE:1cxx_variadic_macros
    Feature record: CXX_FEATURE:1cxx_variadic_templates


Detecting CXX [-std=c++98] compiler features compiled with the following output:
Change Dir: /home/root/niansong/auto_deploy/utils/build/CMakeFiles/CMakeTmp

Run Build Command:"/usr/bin/gmake" "cmTC_09974/fast"
/usr/bin/gmake -f CMakeFiles/cmTC_09974.dir/build.make CMakeFiles/cmTC_09974.dir/build
gmake[1]: Entering directory '/home/root/niansong/auto_deploy/utils/build/CMakeFiles/CMakeTmp'
Building CXX object CMakeFiles/cmTC_09974.dir/feature_tests.cxx.o
/usr/bin/c++    -std=c++98 -o CMakeFiles/cmTC_09974.dir/feature_tests.cxx.o -c /home/root/niansong/auto_deploy/utils/build/CMakeFiles/feature_tests.cxx
Linking CXX executable cmTC_09974
/usr/bin/cmake -E cmake_link_script CMakeFiles/cmTC_09974.dir/link.txt --verbose=1
/usr/bin/c++       -rdynamic CMakeFiles/cmTC_09974.dir/feature_tests.cxx.o  -o cmTC_09974 
gmake[1]: Leaving directory '/home/root/niansong/auto_deploy/utils/build/CMakeFiles/CMakeTmp'


    Feature record: CXX_FEATURE:0cxx_aggregate_default_initializers
    Feature record: CXX_FEATURE:0cxx_alias_templates
    Feature record: CXX_FEATURE:0cxx_alignas
    Feature record: CXX_FEATURE:0cxx_alignof
    Feature record: CXX_FEATURE:0cxx_attributes
    Feature record: CXX_FEATURE:0cxx_attribute_deprecated
    Feature record: CXX_FEATURE:0cxx_auto_type
    Feature record: CXX_FEATURE:0cxx_binary_literals
    Feature record: CXX_FEATURE:0cxx_constexpr
    Feature record: CXX_FEATURE:0cxx_contextual_conversions
    Feature record: CXX_FEATURE:0cxx_decltype
    Feature record: CXX_FEATURE:0cxx_decltype_auto
    Feature record: CXX_FEATURE:0cxx_decltype_incomplete_return_types
    Feature record: CXX_FEATURE:0cxx_default_function_template_args
    Feature record: CXX_FEATURE:0cxx_defaulted_functions
    Feature record: CXX_FEATURE:0cxx_defaulted_move_initializers
    Feature record: CXX_FEATURE:0cxx_delegating_constructors
    Feature record: CXX_FEATURE:0cxx_deleted_functions
    Feature record: CXX_FEATURE:0cxx_digit_separators
    Feature record: CXX_FEATURE:0cxx_enum_forward_declarations
    Feature record: CXX_FEATURE:0cxx_explicit_conversions
    Feature record: CXX_FEATURE:0cxx_extended_friend_declarations
    Feature record: CXX_FEATURE:0cxx_extern_templates
    Feature record: CXX_FEATURE:0cxx_final
    Feature record: CXX_FEATURE:0cxx_func_identifier
    Feature record: CXX_FEATURE:0cxx_generalized_initializers
    Feature record: CXX_FEATURE:0cxx_generic_lambdas
    Feature record: CXX_FEATURE:0cxx_inheriting_constructors
    Feature record: CXX_FEATURE:0cxx_inline_namespaces
    Feature record: CXX_FEATURE:0cxx_lambdas
    Feature record: CXX_FEATURE:0cxx_lambda_init_captures
    Feature record: CXX_FEATURE:0cxx_local_type_template_args
    Feature record: CXX_FEATURE:0cxx_long_long_type
    Feature record: CXX_FEATURE:0cxx_noexcept
    Feature record: CXX_FEATURE:0cxx_nonstatic_member_init
    Feature record: CXX_FEATURE:0cxx_nullptr
    Feature record: CXX_FEATURE:0cxx_override
    Feature record: CXX_FEATURE:0cxx_range_for
    Feature record: CXX_FEATURE:0cxx_raw_string_literals
    Feature record: CXX_FEATURE:0cxx_reference_qualified_functions
    Feature record: CXX_FEATURE:0cxx_relaxed_constexpr
    Feature record: CXX_FEATURE:0cxx_return_type_deduction
    Feature record: CXX_FEATURE:0cxx_right_angle_brackets
    Feature record: CXX_FEATURE:0cxx_rvalue_references
    Feature record: CXX_FEATURE:0cxx_sizeof_member
    Feature record: CXX_FEATURE:0cxx_static_assert
    Feature record: CXX_FEATURE:0cxx_strong_enums
    Feature record: CXX_FEATURE:1cxx_template_template_parameters
    Feature record: CXX_FEATURE:0cxx_thread_local
    Feature record: CXX_FEATURE:0cxx_trailing_return_types
    Feature record: CXX_FEATURE:0cxx_unicode_literals
    Feature record: CXX_FEATURE:0cxx_uniform_initialization
    Feature record: CXX_FEATURE:0cxx_unrestricted_unions
    Feature record: CXX_FEATURE:0cxx_user_literals
    Feature record: CXX_FEATURE:0cxx_variable_templates
    Feature record: CXX_FEATURE:0cxx_variadic_macros
    Feature record: CXX_FEATURE:0cxx_variadic_templates
